#
# There is insufficient memory for the Java Runtime Environment to continue.
# Native memory allocation (malloc) failed to allocate 32744 bytes for ChunkPool::allocate
# Possible reasons:
#   The system is out of physical RAM or swap space
#   In 32 bit mode, the process size limit was hit
# Possible solutions:
#   Reduce memory load on the system
#   Increase physical memory or swap space
#   Check if swap backing store is full
#   Use 64 bit Java on a 64 bit OS
#   Decrease Java heap size (-Xmx/-Xms)
#   Decrease number of Java threads
#   Decrease Java thread stack sizes (-Xss)
#   Set larger code cache with -XX:ReservedCodeCacheSize=
# This output file may be truncated or incomplete.
#
#  Out of Memory Error (allocation.cpp:273), pid=43004, tid=27024
#
# JRE version: Java(TM) SE Runtime Environment (8.0_60-b27) (build 1.8.0_60-b27)
# Java VM: Java HotSpot(TM) 64-Bit Server VM (25.60-b23 mixed mode windows-amd64 compressed oops)
# Failed to write core dump. Minidumps are not enabled by default on client versions of Windows
#

---------------  T H R E A D  ---------------

Current thread (0x0000000017f9b000):  JavaThread "C2 CompilerThread0" daemon [_thread_in_native, id=27024, stack(0x0000000019490000,0x0000000019590000)]

Stack: [0x0000000019490000,0x0000000019590000]
[error occurred during error reporting (printing stack bounds), id 0xc0000005]

Native frames: (J=compiled Java code, j=interpreted, Vv=VM code, C=native code)


Current CompileTask:
C2: 760837 17978       4       java.lang.String::format (16 bytes)


---------------  P R O C E S S  ---------------

Java Threads: ( => current thread )
  0x000000001c8eb000 JavaThread "Stdin handler" [_thread_blocked, id=18176, stack(0x00000000261d0000,0x00000000262d0000)]
  0x000000001c8ea800 JavaThread "Asynchronous log dispatcher for org.gradle.launcher.daemon.server.DefaultDaemonConnection@2fd5a024" [_thread_blocked, id=13944, stack(0x00000000260d0000,0x00000000261d0000)]
  0x000000001c8e0800 JavaThread "Daemon worker Thread 2" [_thread_in_native, id=31616, stack(0x0000000025fd0000,0x00000000260d0000)]
  0x000000001c8dd800 JavaThread "Cancel handler" [_thread_blocked, id=41564, stack(0x0000000025ed0000,0x0000000025fd0000)]
  0x000000001c8e3800 JavaThread "Handler for socket connection from /127.0.0.1:60906 to /127.0.0.1:49160" [_thread_in_native, id=38852, stack(0x0000000025dd0000,0x0000000025ed0000)]
  0x000000001c8e4000 JavaThread "Daemon Thread 2" [_thread_blocked, id=35400, stack(0x0000000025cd0000,0x0000000025dd0000)]
  0x000000001c8df000 JavaThread "pool-5-thread-1" [_thread_blocked, id=8128, stack(0x00000000251d0000,0x00000000252d0000)]
  0x000000001c8dc000 JavaThread "RxComputationScheduler-4" daemon [_thread_blocked, id=4976, stack(0x0000000024d10000,0x0000000024e10000)]
  0x000000001c8de000 JavaThread "RxComputationScheduler-3" daemon [_thread_blocked, id=17448, stack(0x0000000024c10000,0x0000000024d10000)]
  0x000000001c8dc800 JavaThread "RxComputationScheduler-2" daemon [_thread_blocked, id=25792, stack(0x0000000024b10000,0x0000000024c10000)]
  0x000000001c8e2800 JavaThread "RxComputationScheduler-1" daemon [_thread_blocked, id=16244, stack(0x0000000024a10000,0x0000000024b10000)]
  0x000000001c8df800 JavaThread "RxIoScheduler-1 (Evictor)" daemon [_thread_blocked, id=29412, stack(0x0000000024910000,0x0000000024a10000)]
  0x000000001c8c9800 JavaThread "pool-2-thread-1" [_thread_blocked, id=4532, stack(0x000000001e940000,0x000000001ea40000)]
  0x000000001c8c6800 JavaThread "File lock request listener" [_thread_in_native, id=42504, stack(0x000000001e840000,0x000000001e940000)]
  0x000000001aaab800 JavaThread "Incoming local TCP Connector on port 60906" [_thread_in_native, id=38756, stack(0x000000001b750000,0x000000001b850000)]
  0x000000001aaae000 JavaThread "pool-1-thread-1" [_thread_blocked, id=43012, stack(0x000000001b650000,0x000000001b750000)]
  0x000000001962b000 JavaThread "Service Thread" daemon [_thread_blocked, id=42900, stack(0x0000000019b90000,0x0000000019c90000)]
  0x00000000195a0800 JavaThread "C1 CompilerThread2" daemon [_thread_in_vm, id=42276, stack(0x0000000019a90000,0x0000000019b90000)]
  0x0000000019590800 JavaThread "C2 CompilerThread1" daemon [_thread_in_native, id=38672, stack(0x0000000019990000,0x0000000019a90000)]
=>0x0000000017f9b000 JavaThread "C2 CompilerThread0" daemon [_thread_in_native, id=27024, stack(0x0000000019490000,0x0000000019590000)]
  0x0000000017f9a000 JavaThread "Attach Listener" daemon [_thread_blocked, id=6956, stack(0x0000000019390000,0x0000000019490000)]
  0x0000000017f4f000 JavaThread "Signal Dispatcher" daemon [_thread_blocked, id=26392, stack(0x0000000019290000,0x0000000019390000)]
  0x0000000003310000 JavaThread "Finalizer" daemon [_thread_blocked, id=36152, stack(0x0000000019190000,0x0000000019290000)]
  0x000000000330d000 JavaThread "Reference Handler" daemon [_thread_blocked, id=41232, stack(0x0000000019090000,0x0000000019190000)]
  0x0000000003220800 JavaThread "main" [_thread_blocked, id=24556, stack(0x0000000003120000,0x0000000003220000)]

Other Threads:
  0x0000000017f06800 VMThread [stack: 0x0000000018f90000,0x0000000019090000] [id=41208]
  0x000000001963b800 WatcherThread [stack: 0x0000000019c90000,0x0000000019d90000] [id=37436]

VM state:not at safepoint (normal execution)

VM Mutex/Monitor currently owned by a thread: None

Heap:
 PSYoungGen      total 616960K, used 209920K [0x00000000d5580000, 0x00000000ffc80000, 0x0000000100000000)
  eden space 539648K, 38% used [0x00000000d5580000,0x00000000e22803e0,0x00000000f6480000)
  from space 77312K, 0% used [0x00000000fb100000,0x00000000fb100000,0x00000000ffc80000)
  to   space 77824K, 0% used [0x00000000f6480000,0x00000000f6480000,0x00000000fb080000)
 ParOldGen       total 254464K, used 61953K [0x0000000080000000, 0x000000008f880000, 0x00000000d5580000)
  object space 254464K, 24% used [0x0000000080000000,0x0000000083c80650,0x000000008f880000)
 Metaspace       used 73966K, capacity 76422K, committed 76672K, reserved 1116160K
  class space    used 9354K, capacity 9850K, committed 9856K, reserved 1048576K

Card table byte_map: [0x00000000126e0000,0x0000000012af0000] byte_map_base: 0x00000000122e0000

Marking Bits: (ParMarkBitMap*) 0x000000005362a5b0
 Begin Bits: [0x00000000131a0000, 0x00000000151a0000)
 End Bits:   [0x00000000151a0000, 0x00000000171a0000)

Polling page: 0x00000000011f0000

CodeCache: size=245760Kb used=52115Kb max_used=52216Kb free=193644Kb
 bounds [0x0000000003320000, 0x0000000006660000, 0x0000000012320000]
 total_blobs=14817 nmethods=14051 adapters=676
 compilation: enabled

Compilation events (10 events):
Event: 760.697 Thread 0x00000000195a0800 nmethod 18037 0x0000000005614110 code [0x00000000056143e0, 0x0000000005615858]
Event: 760.698 Thread 0x00000000195a0800 18039       3       org.gradle.execution.taskgraph.TaskInfo::dependenciesProcessed (6 bytes)
Event: 760.698 Thread 0x00000000195a0800 nmethod 18039 0x0000000004c1d450 code [0x0000000004c1d5a0, 0x0000000004c1d6f0]
Event: 760.699 Thread 0x00000000195a0800 18040       3       java.util.HashMap$TreeNode::rotateRight (91 bytes)
Event: 760.699 Thread 0x00000000195a0800 nmethod 18040 0x000000000421ed50 code [0x000000000421eec0, 0x000000000421f230]
Event: 760.700 Thread 0x00000000195a0800 18042       3       java.util.HashMap::replacementTreeNode (21 bytes)
Event: 760.700 Thread 0x00000000195a0800 nmethod 18042 0x0000000003bcec10 code [0x0000000003bced80, 0x0000000003bcf110]
Event: 760.714 Thread 0x00000000195a0800 18043       3       org.gradle.model.internal.registry.DefaultModelRegistry::transition (165 bytes)
Event: 760.716 Thread 0x00000000195a0800 nmethod 18043 0x0000000005cab3d0 code [0x0000000005cab7a0, 0x0000000005cadd88]
Event: 760.722 Thread 0x00000000195a0800 18044       3       org.gradle.execution.taskgraph.TaskInfo::<init> (72 bytes)

GC Heap History (10 events):
Event: 76.740 GC heap before
{Heap before GC invocations=23 (full 4):
 PSYoungGen      total 404992K, used 404968K [0x00000000d5580000, 0x00000000f5d80000, 0x0000000100000000)
  eden space 335872K, 100% used [0x00000000d5580000,0x00000000e9d80000,0x00000000e9d80000)
  from space 69120K, 99% used [0x00000000eec80000,0x00000000f2ffa2b8,0x00000000f3000000)
  to   space 80896K, 0% used [0x00000000e9d80000,0x00000000e9d80000,0x00000000eec80000)
 ParOldGen       total 254464K, used 76787K [0x0000000080000000, 0x000000008f880000, 0x00000000d5580000)
  object space 254464K, 30% used [0x0000000080000000,0x0000000084afcc68,0x000000008f880000)
 Metaspace       used 70721K, capacity 72868K, committed 73216K, reserved 1114112K
  class space    used 8991K, capacity 9449K, committed 9472K, reserved 1048576K
Event: 76.817 GC heap after
Heap after GC invocations=23 (full 4):
 PSYoungGen      total 416768K, used 37721K [0x00000000d5580000, 0x00000000f8680000, 0x0000000100000000)
  eden space 335872K, 0% used [0x00000000d5580000,0x00000000d5580000,0x00000000e9d80000)
  from space 80896K, 46% used [0x00000000e9d80000,0x00000000ec256450,0x00000000eec80000)
  to   space 78336K, 0% used [0x00000000f3a00000,0x00000000f3a00000,0x00000000f8680000)
 ParOldGen       total 254464K, used 95966K [0x0000000080000000, 0x000000008f880000, 0x00000000d5580000)
  object space 254464K, 37% used [0x0000000080000000,0x0000000085db79a0,0x000000008f880000)
 Metaspace       used 70721K, capacity 72868K, committed 73216K, reserved 1114112K
  class space    used 8991K, capacity 9449K, committed 9472K, reserved 1048576K
}
Event: 78.147 GC heap before
{Heap before GC invocations=24 (full 4):
 PSYoungGen      total 416768K, used 372761K [0x00000000d5580000, 0x00000000f8680000, 0x0000000100000000)
  eden space 335872K, 99% used [0x00000000d5580000,0x00000000e9cb0258,0x00000000e9d80000)
  from space 80896K, 46% used [0x00000000e9d80000,0x00000000ec256450,0x00000000eec80000)
  to   space 78336K, 0% used [0x00000000f3a00000,0x00000000f3a00000,0x00000000f8680000)
 ParOldGen       total 254464K, used 95966K [0x0000000080000000, 0x000000008f880000, 0x00000000d5580000)
  object space 254464K, 37% used [0x0000000080000000,0x0000000085db79a0,0x000000008f880000)
 Metaspace       used 71577K, capacity 73752K, committed 74112K, reserved 1114112K
  class space    used 9125K, capacity 9589K, committed 9600K, reserved 1048576K
Event: 78.190 GC heap after
Heap after GC invocations=24 (full 4):
 PSYoungGen      total 497152K, used 40474K [0x00000000d5580000, 0x00000000f8700000, 0x0000000100000000)
  eden space 418816K, 0% used [0x00000000d5580000,0x00000000d5580000,0x00000000eee80000)
  from space 78336K, 51% used [0x00000000f3a00000,0x00000000f61868e0,0x00000000f8680000)
  to   space 77312K, 0% used [0x00000000eee80000,0x00000000eee80000,0x00000000f3a00000)
 ParOldGen       total 254464K, used 132207K [0x0000000080000000, 0x000000008f880000, 0x00000000d5580000)
  object space 254464K, 51% used [0x0000000080000000,0x000000008811bec8,0x000000008f880000)
 Metaspace       used 71577K, capacity 73752K, committed 74112K, reserved 1114112K
  class space    used 9125K, capacity 9589K, committed 9600K, reserved 1048576K
}
Event: 78.256 GC heap before
{Heap before GC invocations=25 (full 4):
 PSYoungGen      total 497152K, used 458408K [0x00000000d5580000, 0x00000000f8700000, 0x0000000100000000)
  eden space 418816K, 99% used [0x00000000d5580000,0x00000000eeda39f8,0x00000000eee80000)
  from space 78336K, 51% used [0x00000000f3a00000,0x00000000f61868e0,0x00000000f8680000)
  to   space 77312K, 0% used [0x00000000eee80000,0x00000000eee80000,0x00000000f3a00000)
 ParOldGen       total 254464K, used 132207K [0x0000000080000000, 0x000000008f880000, 0x00000000d5580000)
  object space 254464K, 51% used [0x0000000080000000,0x000000008811bec8,0x000000008f880000)
 Metaspace       used 71586K, capacity 73752K, committed 74112K, reserved 1114112K
  class space    used 9125K, capacity 9589K, committed 9600K, reserved 1048576K
Event: 78.262 GC heap after
Heap after GC invocations=25 (full 4):
 PSYoungGen      total 496128K, used 128K [0x00000000d5580000, 0x00000000ffd80000, 0x0000000100000000)
  eden space 418816K, 0% used [0x00000000d5580000,0x00000000d5580000,0x00000000eee80000)
  from space 77312K, 0% used [0x00000000eee80000,0x00000000eeea0000,0x00000000f3a00000)
  to   space 78336K, 0% used [0x00000000fb100000,0x00000000fb100000,0x00000000ffd80000)
 ParOldGen       total 254464K, used 156387K [0x0000000080000000, 0x000000008f880000, 0x00000000d5580000)
  object space 254464K, 61% used [0x0000000080000000,0x00000000898b8cf8,0x000000008f880000)
 Metaspace       used 71586K, capacity 73752K, committed 74112K, reserved 1114112K
  class space    used 9125K, capacity 9589K, committed 9600K, reserved 1048576K
}
Event: 79.421 GC heap before
{Heap before GC invocations=26 (full 4):
 PSYoungGen      total 496128K, used 146337K [0x00000000d5580000, 0x00000000ffd80000, 0x0000000100000000)
  eden space 418816K, 34% used [0x00000000d5580000,0x00000000de448760,0x00000000eee80000)
  from space 77312K, 0% used [0x00000000eee80000,0x00000000eeea0000,0x00000000f3a00000)
  to   space 78336K, 0% used [0x00000000fb100000,0x00000000fb100000,0x00000000ffd80000)
 ParOldGen       total 254464K, used 156387K [0x0000000080000000, 0x000000008f880000, 0x00000000d5580000)
  object space 254464K, 61% used [0x0000000080000000,0x00000000898b8cf8,0x000000008f880000)
 Metaspace       used 73176K, capacity 75418K, committed 75648K, reserved 1116160K
  class space    used 9309K, capacity 9796K, committed 9856K, reserved 1048576K
Event: 79.425 GC heap after
Heap after GC invocations=26 (full 4):
 PSYoungGen      total 616960K, used 1900K [0x00000000d5580000, 0x00000000ffc80000, 0x0000000100000000)
  eden space 539648K, 0% used [0x00000000d5580000,0x00000000d5580000,0x00000000f6480000)
  from space 77312K, 2% used [0x00000000fb100000,0x00000000fb2db0d8,0x00000000ffc80000)
  to   space 77824K, 0% used [0x00000000f6480000,0x00000000f6480000,0x00000000fb080000)
 ParOldGen       total 254464K, used 156427K [0x0000000080000000, 0x000000008f880000, 0x00000000d5580000)
  object space 254464K, 61% used [0x0000000080000000,0x00000000898c2cf8,0x000000008f880000)
 Metaspace       used 73176K, capacity 75418K, committed 75648K, reserved 1116160K
  class space    used 9309K, capacity 9796K, committed 9856K, reserved 1048576K
}
Event: 79.425 GC heap before
{Heap before GC invocations=27 (full 5):
 PSYoungGen      total 616960K, used 1900K [0x00000000d5580000, 0x00000000ffc80000, 0x0000000100000000)
  eden space 539648K, 0% used [0x00000000d5580000,0x00000000d5580000,0x00000000f6480000)
  from space 77312K, 2% used [0x00000000fb100000,0x00000000fb2db0d8,0x00000000ffc80000)
  to   space 77824K, 0% used [0x00000000f6480000,0x00000000f6480000,0x00000000fb080000)
 ParOldGen       total 254464K, used 156427K [0x0000000080000000, 0x000000008f880000, 0x00000000d5580000)
  object space 254464K, 61% used [0x0000000080000000,0x00000000898c2cf8,0x000000008f880000)
 Metaspace       used 73176K, capacity 75418K, committed 75648K, reserved 1116160K
  class space    used 9309K, capacity 9796K, committed 9856K, reserved 1048576K
Event: 79.794 GC heap after
Heap after GC invocations=27 (full 5):
 PSYoungGen      total 616960K, used 0K [0x00000000d5580000, 0x00000000ffc80000, 0x0000000100000000)
  eden space 539648K, 0% used [0x00000000d5580000,0x00000000d5580000,0x00000000f6480000)
  from space 77312K, 0% used [0x00000000fb100000,0x00000000fb100000,0x00000000ffc80000)
  to   space 77824K, 0% used [0x00000000f6480000,0x00000000f6480000,0x00000000fb080000)
 ParOldGen       total 254464K, used 61953K [0x0000000080000000, 0x000000008f880000, 0x00000000d5580000)
  object space 254464K, 24% used [0x0000000080000000,0x0000000083c80650,0x000000008f880000)
 Metaspace       used 73176K, capacity 75418K, committed 75648K, reserved 1116160K
  class space    used 9309K, capacity 9796K, committed 9856K, reserved 1048576K
}

Deoptimization events (10 events):
Event: 758.350 Thread 0x000000001c8e0800 Uncommon trap: reason=class_check action=maybe_recompile pc=0x0000000004eb0e70 method=com.google.common.cache.LocalCache.getIfPresent(Ljava/lang/Object;)Ljava/lang/Object; @ 29
Event: 758.394 Thread 0x000000001c8e0800 Uncommon trap: reason=class_check action=maybe_recompile pc=0x0000000004eb0b74 method=com.google.common.cache.LocalCache$Segment.get(Ljava/lang/Object;I)Ljava/lang/Object; @ 14
Event: 758.455 Thread 0x000000001c8e0800 Uncommon trap: reason=class_check action=maybe_recompile pc=0x0000000004eb0e70 method=com.google.common.cache.LocalCache.getIfPresent(Ljava/lang/Object;)Ljava/lang/Object; @ 29
Event: 758.462 Thread 0x000000001c8e0800 Uncommon trap: reason=class_check action=maybe_recompile pc=0x0000000004eb0b74 method=com.google.common.cache.LocalCache$Segment.get(Ljava/lang/Object;I)Ljava/lang/Object; @ 14
Event: 758.708 Thread 0x000000001c8e0800 Uncommon trap: reason=class_check action=maybe_recompile pc=0x0000000004eb0e70 method=com.google.common.cache.LocalCache.getIfPresent(Ljava/lang/Object;)Ljava/lang/Object; @ 29
Event: 758.715 Thread 0x000000001c8e0800 Uncommon trap: reason=class_check action=maybe_recompile pc=0x0000000004eb0b74 method=com.google.common.cache.LocalCache$Segment.get(Ljava/lang/Object;I)Ljava/lang/Object; @ 14
Event: 758.751 Thread 0x000000001c8e0800 Uncommon trap: reason=class_check action=maybe_recompile pc=0x0000000004eb0e70 method=com.google.common.cache.LocalCache.getIfPresent(Ljava/lang/Object;)Ljava/lang/Object; @ 29
Event: 758.785 Thread 0x000000001c8e0800 Uncommon trap: reason=null_check action=make_not_entrant pc=0x00000000064e8360 method=org.gradle.api.internal.collections.CollectionFilter.filter(Ljava/lang/Object;)Ljava/lang/Object; @ 5
Event: 759.054 Thread 0x000000001c8e0800 Uncommon trap: reason=bimorphic action=maybe_recompile pc=0x000000000409f284 method=java.util.LinkedHashMap.afterNodeInsertion(Z)V @ 15
Event: 760.032 Thread 0x000000001c8e0800 Uncommon trap: reason=unstable_if action=reinterpret pc=0x00000000055bb81c method=org.gradle.api.internal.file.collections.jdk7.Jdk7DirectoryWalker$1.preVisitDirectory(Ljava/nio/file/Path;Ljava/nio/file/attribute/BasicFileAttributes;)Ljava/nio/file/FileVisõå,OÍ²‡@

Internal exceptions (10 events):
Event: 607.664 Thread 0x000000001c8c9800 Implicit null exception at 0x0000000004d42e3f to 0x0000000004d4329d
Event: 607.664 Thread 0x000000001c8c9800 Exception <a 'sun/nio/fs/WindowsException'> (0x00000000d561d618) thrown at [C:\re\workspace\8-2-build-windows-amd64-cygwin\jdk8u60\4407\hotspot\src\share\vm\prims\jni.cpp, line 709]
Event: 607.664 Thread 0x000000001c8c9800 Implicit null exception at 0x000000000421c765 to 0x000000000421ca21
Event: 754.533 Thread 0x000000001c8e0800 Implicit null exception at 0x00000000045b18f0 to 0x00000000045b1c75
Event: 754.533 Thread 0x000000001c8e0800 Implicit null exception at 0x0000000004a3f52e to 0x0000000004a3f86d
Event: 754.571 Thread 0x000000001c8e0800 Exception <a 'java/lang/ClassNotFoundException': asLocalRepo853_8rhetc9nw5thig1eexugm5r8tBeanInfo> (0x00000000d7bf7478) thrown at [C:\re\workspace\8-2-build-windows-amd64-cygwin\jdk8u60\4407\hotspot\src\share\vm\classfile\systemDictionary.cpp, line 210]
Event: 754.571 Thread 0x000000001c8e0800 Exception <a 'java/lang/ClassNotFoundException': asLocalRepo853_8rhetc9nw5thig1eexugm5r8tCustomizer> (0x00000000d7c00ff8) thrown at [C:\re\workspace\8-2-build-windows-amd64-cygwin\jdk8u60\4407\hotspot\src\share\vm\classfile\systemDictionary.cpp, line 210]
Event: 758.035 Thread 0x000000001c8e0800 Implicit null exception at 0x0000000003e83309 to 0x0000000003e83565
Event: 758.035 Thread 0x000000001c8e0800 Exception <a 'sun/nio/fs/WindowsException'> (0x00000000dc780e88) thrown at [C:\re\workspace\8-2-build-windows-amd64-cygwin\jdk8u60\4407\hotspot\src\share\vm\prims\jni.cpp, line 709]
Event: 758.785 Thread 0x000000001c8e0800 Implicit null exception at 0x00000000064e821f to 0x00000000064e834d

Events (10 events):
Event: 760.224 Thread 0x00000000195a0800 flushing nmethod 0x0000000005614110
Event: 760.226 Thread 0x00000000195a0800 flushing nmethod 0x0000000005c90f50
Event: 760.226 Thread 0x00000000195a0800 flushing nmethod 0x0000000005ca1710
Event: 760.272 Thread 0x00000000195a0800 flushing nmethod 0x000000000627e010
Event: 760.682 Executing VM operation: RevokeBias
Event: 760.683 Executing VM operation: RevokeBias done
Event: 760.683 Executing VM operation: RevokeBias
Event: 760.683 Executing VM operation: RevokeBias done
Event: 760.685 Executing VM operation: BulkRevokeBias
Event: 760.685 Executing VM operation: BulkRevokeBias done


Dynamic libraries:
0x00007ff66c4a0000 - 0x00007ff66c4d7000 	D:\Java\jdk1.8\bin\java.exe
0x00007ffba3440000 - 0x00007ffba3611000 	C:\WINDOWS\SYSTEM32\ntdll.dll
0x00007ffba0930000 - 0x00007ffba09db000 	C:\WINDOWS\System32\KERNEL32.DLL
0x00007ffba0390000 - 0x00007ffba05ad000 	C:\WINDOWS\System32\KERNELBASE.dll
0x00007ffba0880000 - 0x00007ffba0922000 	C:\WINDOWS\System32\ADVAPI32.dll
0x00007ffba2190000 - 0x00007ffba222e000 	C:\WINDOWS\System32\msvcrt.dll
0x00007ffba1ff0000 - 0x00007ffba2049000 	C:\WINDOWS\System32\sechost.dll
0x00007ffba2cf0000 - 0x00007ffba2e11000 	C:\WINDOWS\System32\RPCRT4.dll
0x00007ffba2b20000 - 0x00007ffba2c85000 	C:\WINDOWS\System32\USER32.dll
0x00007ffba05e0000 - 0x00007ffba05fe000 	C:\WINDOWS\System32\win32u.dll
0x00007ffba20b0000 - 0x00007ffba20e4000 	C:\WINDOWS\System32\GDI32.dll
0x00007ffb9ff80000 - 0x00007ffba0102000 	C:\WINDOWS\System32\gdi32full.dll
0x00007ffb98180000 - 0x00007ffb983fa000 	C:\WINDOWS\WinSxS\amd64_microsoft.windows.common-controls_6595b64144ccf1df_6.0.14393.351_none_4213128bc687e6d3\COMCTL32.dll
0x00007ffba2f00000 - 0x00007ffba31c7000 	C:\WINDOWS\System32\combase.dll
0x00007ffb9fdd0000 - 0x00007ffb9fec5000 	C:\WINDOWS\System32\ucrtbase.dll
0x00007ffba07a0000 - 0x00007ffba080a000 	C:\WINDOWS\System32\bcryptPrimitives.dll
0x00007ffba2af0000 - 0x00007ffba2b1e000 	C:\WINDOWS\System32\IMM32.DLL
0x00000000536b0000 - 0x0000000053782000 	D:\Java\jdk1.8\jre\bin\msvcr100.dll
0x0000000052e20000 - 0x00000000536a9000 	D:\Java\jdk1.8\jre\bin\server\jvm.dll
0x00007ffba05b0000 - 0x00007ffba05d3000 	C:\WINDOWS\System32\WINMM.dll
0x00007ffb9f6a0000 - 0x00007ffb9f6cb000 	C:\WINDOWS\System32\WINMMBASE.dll
0x00007ffba06b0000 - 0x00007ffba06f2000 	C:\WINDOWS\System32\cfgmgr32.dll
0x00007ffba2e30000 - 0x00007ffba2e38000 	C:\WINDOWS\System32\PSAPI.DLL
0x00007ffb92cf0000 - 0x00007ffb92cf9000 	C:\WINDOWS\SYSTEM32\WSOCK32.dll
0x00007ffba3290000 - 0x00007ffba32fa000 	C:\WINDOWS\System32\WS2_32.dll
0x00007ffb97e50000 - 0x00007ffb97e5a000 	C:\WINDOWS\SYSTEM32\VERSION.dll
0x00000000544a0000 - 0x00000000544af000 	D:\Java\jdk1.8\jre\bin\verify.dll
0x0000000052df0000 - 0x0000000052e19000 	D:\Java\jdk1.8\jre\bin\java.dll
0x0000000052dd0000 - 0x0000000052de6000 	D:\Java\jdk1.8\jre\bin\zip.dll
0x00007ffba0ae0000 - 0x00007ffba1fe9000 	C:\WINDOWS\System32\SHELL32.dll
0x00007ffb9f6f0000 - 0x00007ffb9fdca000 	C:\WINDOWS\System32\windows.storage.dll
0x00007ffb9ff30000 - 0x00007ffb9ff7c000 	C:\WINDOWS\System32\powrprof.dll
0x00007ffba2050000 - 0x00007ffba20a2000 	C:\WINDOWS\System32\shlwapi.dll
0x00007ffb9f6d0000 - 0x00007ffb9f6df000 	C:\WINDOWS\System32\kernel.appcore.dll
0x00007ffba0600000 - 0x00007ffba06a9000 	C:\WINDOWS\System32\shcore.dll
0x00007ffb9f680000 - 0x00007ffb9f694000 	C:\WINDOWS\System32\profapi.dll
0x0000000052db0000 - 0x0000000052dca000 	D:\Java\jdk1.8\jre\bin\net.dll
0x00007ffb9ee20000 - 0x00007ffb9ee7c000 	C:\WINDOWS\system32\mswsock.dll
0x0000000052d90000 - 0x0000000052da1000 	D:\Java\jdk1.8\jre\bin\nio.dll
0x00007ffb98660000 - 0x00007ffb98672000 	C:\Users\Jason\.gradle\native\19\windows-amd64\native-platform.dll
0x00007ffb9f140000 - 0x00007ffb9f157000 	C:\WINDOWS\SYSTEM32\CRYPTSP.dll
0x00007ffb9f020000 - 0x00007ffb9f053000 	C:\WINDOWS\system32\rsaenh.dll
0x00007ffb9f250000 - 0x00007ffb9f27b000 	C:\WINDOWS\SYSTEM32\bcrypt.dll
0x00007ffb9eca0000 - 0x00007ffb9ecbf000 	C:\WINDOWS\SYSTEM32\USERENV.dll
0x00007ffb9f160000 - 0x00007ffb9f16b000 	C:\WINDOWS\SYSTEM32\CRYPTBASE.dll
0x00007ffb9ebb0000 - 0x00007ffb9ebe8000 	C:\WINDOWS\SYSTEM32\IPHLPAPI.DLL
0x00007ffba2e20000 - 0x00007ffba2e28000 	C:\WINDOWS\System32\NSI.dll
0x00007ffb9b9e0000 - 0x00007ffb9b9f6000 	C:\WINDOWS\SYSTEM32\dhcpcsvc6.DLL
0x00007ffb9ba90000 - 0x00007ffb9baaa000 	C:\WINDOWS\SYSTEM32\dhcpcsvc.DLL
0x0000000054490000 - 0x000000005449d000 	D:\Java\jdk1.8\jre\bin\management.dll

VM Arguments:
jvm_args: -Xmx2048m -Dfile.encoding=GBK -Duser.country=CN -Duser.language=zh -Duser.variant 
java_command: org.gradle.launcher.daemon.bootstrap.GradleDaemon 2.14.1
java_class_path (initial): E:\Android_Studio\studio\gradle\gradle-2.14.1\lib\gradle-launcher-2.14.1.jar
Launcher Type: SUN_STANDARD

Environment Variables:
JAVA_HOME=D:\Java\jdk1.8
CLASSPATH=.;D:\Java\jdk1.8\lib\dt.jar;D:\Java\jdk1.8\lib\tools.jar
PATH=D:\Git\bin;D:\Java\jdk1.8\bin;D:\Java\jdk1.8\jre\bin;C:\ProgramData\Oracle\Java\javapath;C:\WINDOWS\system32;C:\WINDOWS;C:\WINDOWS\System32\Wbem;C:\WINDOWS\System32\WindowsPowerShell\v1.0\;C:\Program Files (x86)\AMD\ATI.ACE\Core-Static;D:\Git\cmd;D:\AMD\ATI.ACE\Core-Static;D:\TortoiseGit\bin;C:\Users\Jason\AppData\Local\Android\Sdk\platform-tools;C:\Users\Jason\AppData\Local\Microsoft\WindowsApps;
USERNAME=Jason
OS=Windows_NT
PROCESSOR_IDENTIFIER=Intel64 Family 6 Model 78 Stepping 3, GenuineIntel



---------------  S Y S T E M  ---------------

OS: Windows 10.0 , 64 bit Build 14393 (10.0.14393.0)

CPU:total 4 (2 cores per cpu, 2 threads per core) family 6 model 78 stepping 3, cmov, cx8, fxsr, mmx, sse, sse2, sse3, ssse3, sse4.1, sse4.2, popcnt, avx, avx2, aes, clmul, erms, 3dnowpref, lzcnt, ht, tsc, tscinvbit, bmi1, bmi2, adx

Memory: 4k page, physical 8080836k(973976k free), swap 8080836k(3124k free)

vm_info: Java HotSpot(TM) 64-Bit Server VM (25.60-b23) for windows-amd64 JRE (1.8.0_60-b27), built on Aug  4 2015 11:06:27 by "java_re" with MS VC++ 10.0 (VS2010)

time: Fri Nov 04 16:08:33 2016
elapsed time: 760 seconds (0d 0h 12m 40s)

