#
# There is insufficient memory for the Java Runtime Environment to continue.
# Native memory allocation (malloc) failed to allocate 32744 bytes for ChunkPool::allocate
# Possible reasons:
#   The system is out of physical RAM or swap space
#   In 32 bit mode, the process size limit was hit
# Possible solutions:
#   Reduce memory load on the system
#   Increase physical memory or swap space
#   Check if swap backing store is full
#   Use 64 bit Java on a 64 bit OS
#   Decrease Java heap size (-Xmx/-Xms)
#   Decrease number of Java threads
#   Decrease Java thread stack sizes (-Xss)
#   Set larger code cache with -XX:ReservedCodeCacheSize=
# This output file may be truncated or incomplete.
#
#  Out of Memory Error (allocation.cpp:273), pid=3808, tid=6244
#
# JRE version: Java(TM) SE Runtime Environment (8.0_60-b27) (build 1.8.0_60-b27)
# Java VM: Java HotSpot(TM) 64-Bit Server VM (25.60-b23 mixed mode windows-amd64 compressed oops)
# Failed to write core dump. Minidumps are not enabled by default on client versions of Windows
#

---------------  T H R E A D  ---------------

Current thread (0x0000000018c20800):  JavaThread "C1 CompilerThread2" daemon [_thread_in_native, id=6244, stack(0x0000000019120000,0x0000000019220000)]

Stack: [0x0000000019120000,0x0000000019220000]
[error occurred during error reporting (printing stack bounds), id 0xc0000005]

Native frames: (J=compiled Java code, j=interpreted, Vv=VM code, C=native code)


Current CompileTask:
C1:    540  429       3       com.android.dx.cf.direct.DirectClassFile::parse0 (920 bytes)


---------------  P R O C E S S  ---------------

Java Threads: ( => current thread )
  0x0000000018cb4800 JavaThread "Service Thread" daemon [_thread_blocked, id=2872, stack(0x0000000019220000,0x0000000019320000)]
=>0x0000000018c20800 JavaThread "C1 CompilerThread2" daemon [_thread_in_native, id=6244, stack(0x0000000019120000,0x0000000019220000)]
  0x00000000175cc800 JavaThread "C2 CompilerThread1" daemon [_thread_in_native, id=8540, stack(0x0000000019020000,0x0000000019120000)]
  0x00000000175ca000 JavaThread "C2 CompilerThread0" daemon [_thread_in_native, id=9196, stack(0x0000000018b20000,0x0000000018c20000)]
  0x00000000175c9000 JavaThread "Attach Listener" daemon [_thread_blocked, id=6808, stack(0x0000000018a20000,0x0000000018b20000)]
  0x000000001757e000 JavaThread "Signal Dispatcher" daemon [_thread_blocked, id=5772, stack(0x0000000018920000,0x0000000018a20000)]
  0x0000000002bf6000 JavaThread "Finalizer" daemon [_thread_blocked, id=9948, stack(0x00000000187c0000,0x00000000188c0000)]
  0x0000000002bed000 JavaThread "Reference Handler" daemon [_thread_blocked, id=10592, stack(0x00000000186c0000,0x00000000187c0000)]
  0x0000000002b00800 JavaThread "main" [_thread_in_native, id=9776, stack(0x0000000002690000,0x0000000002790000)]

Other Threads:
  0x0000000017537000 VMThread [stack: 0x00000000185c0000,0x00000000186c0000] [id=5900]
  0x0000000018ce9000 WatcherThread [stack: 0x0000000019320000,0x0000000019420000] [id=4892]

VM state:not at safepoint (normal execution)

VM Mutex/Monitor currently owned by a thread: None

Heap:
 PSYoungGen      total 36864K, used 29928K [0x00000000d6e00000, 0x00000000d9700000, 0x0000000100000000)
  eden space 31744K, 94% used [0x00000000d6e00000,0x00000000d8b3a3c8,0x00000000d8d00000)
  from space 5120K, 0% used [0x00000000d9200000,0x00000000d9200000,0x00000000d9700000)
  to   space 5120K, 0% used [0x00000000d8d00000,0x00000000d8d00000,0x00000000d9200000)
 ParOldGen       total 84992K, used 0K [0x0000000084a00000, 0x0000000089d00000, 0x00000000d6e00000)
  object space 84992K, 0% used [0x0000000084a00000,0x0000000084a00000,0x0000000089d00000)
 Metaspace       used 3732K, capacity 5144K, committed 5376K, reserved 1056768K
  class space    used 398K, capacity 456K, committed 512K, reserved 1048576K

Card table byte_map: [0x0000000011fc0000,0x00000000123a0000] byte_map_base: 0x0000000011b9b000

Marking Bits: (ParMarkBitMap*) 0x000000006d35a5b0
 Begin Bits: [0x0000000012a40000, 0x0000000014918000)
 End Bits:   [0x0000000014918000, 0x00000000167f0000)

Polling page: 0x0000000000e90000

CodeCache: size=245760Kb used=2553Kb max_used=2553Kb free=243206Kb
 bounds [0x0000000002c00000, 0x0000000002e90000, 0x0000000011c00000]
 total_blobs=675 nmethods=425 adapters=163
 compilation: enabled

Compilation events (10 events):
Event: 0.493 Thread 0x0000000018c20800  422       3       com.android.dx.cf.direct.DirectClassFile::makeTypeList (47 bytes)
Event: 0.493 Thread 0x0000000018c20800 nmethod 422 0x0000000002e78f10 code [0x0000000002e790a0, 0x0000000002e793f8]
Event: 0.494 Thread 0x00000000175cc800  423       4       com.android.multidex.ClassReferenceListBuilder::checkDescriptor (92 bytes)
Event: 0.495 Thread 0x0000000018c20800  424       3       java.util.zip.ZipFile$ZipFileInflaterInputStream::fill (80 bytes)
Event: 0.495 Thread 0x0000000018c20800 nmethod 424 0x0000000002e787d0 code [0x0000000002e78960, 0x0000000002e78d28]
Event: 0.496 Thread 0x0000000018c20800  425   !   3       java.util.zip.ZipFile$ZipFileInputStream::read (131 bytes)
Event: 0.496 Thread 0x0000000018c20800 nmethod 425 0x0000000002e7f390 code [0x0000000002e7f560, 0x0000000002e7fde8]
Event: 0.500 Thread 0x0000000018c20800  427       1       com.android.dx.cf.attrib.AttSignature::byteLength (3 bytes)
Event: 0.500 Thread 0x0000000018c20800 nmethod 427 0x0000000002e80350 code [0x0000000002e804a0, 0x0000000002e805b0]
Event: 0.506 Thread 0x0000000018c20800  429       3       com.android.dx.cf.direct.DirectClassFile::parse0 (920 bytes)

GC Heap History (0 events):
No events

Deoptimization events (0 events):
No events

Internal exceptions (2 events):
Event: 0.046 Thread 0x0000000002b00800 Exception <a 'java/lang/NoSuchMethodError': Method sun.misc.Unsafe.defineClass(Ljava/lang/String;[BII)Ljava/lang/Class; name or signature does not match> (0x00000000d6e13028) thrown at [C:\re\workspace\8-2-build-windows-amd64-cygwin\jdk8u60\4407\hotspot\sr¢½=RX†§?
Event: 0.046 Thread 0x0000000002b00800 Exception <a 'java/lang/NoSuchMethodError': Method sun.misc.Unsafe.prefetchRead(Ljava/lang/Object;J)V name or signature does not match> (0x00000000d6e13310) thrown at [C:\re\workspace\8-2-build-windows-amd64-cygwin\jdk8u60\4407\hotspot\src\share\vm\prims\j

Events (10 events):
Event: 0.316 loading class com/android/dx/cf/attrib/AttExceptions
Event: 0.316 loading class com/android/dx/cf/attrib/AttExceptions done
Event: 0.334 loading class com/android/dx/cf/code/ByteCatchList$Item
Event: 0.334 loading class com/android/dx/cf/code/ByteCatchList$Item done
Event: 0.377 loading class com/android/dx/cf/attrib/AttLocalVariableTypeTable
Event: 0.377 loading class com/android/dx/cf/attrib/AttLocalVariableTypeTable done
Event: 0.402 loading class com/android/dx/cf/attrib/AttEnclosingMethod
Event: 0.402 loading class com/android/dx/cf/attrib/AttEnclosingMethod done
Event: 0.425 loading class com/android/dx/cf/iface/ParseObserver
Event: 0.425 loading class com/android/dx/cf/iface/ParseObserver done


Dynamic libraries:
0x00007ff783ae0000 - 0x00007ff783b17000 	D:\Java\jdk1.8\bin\java.exe
0x00007ff9e3870000 - 0x00007ff9e3a41000 	C:\WINDOWS\SYSTEM32\ntdll.dll
0x00007ff9e18c0000 - 0x00007ff9e196b000 	C:\WINDOWS\System32\KERNEL32.DLL
0x00007ff9e0980000 - 0x00007ff9e0b9d000 	C:\WINDOWS\System32\KERNELBASE.dll
0x00007ff9e0d30000 - 0x00007ff9e0dd2000 	C:\WINDOWS\System32\ADVAPI32.dll
0x00007ff9e3210000 - 0x00007ff9e32ae000 	C:\WINDOWS\System32\msvcrt.dll
0x00007ff9e3320000 - 0x00007ff9e3379000 	C:\WINDOWS\System32\sechost.dll
0x00007ff9e1610000 - 0x00007ff9e1731000 	C:\WINDOWS\System32\RPCRT4.dll
0x00007ff9e1750000 - 0x00007ff9e18b5000 	C:\WINDOWS\System32\USER32.dll
0x00007ff9dfc60000 - 0x00007ff9dfc7e000 	C:\WINDOWS\System32\win32u.dll
0x00007ff9e13a0000 - 0x00007ff9e13d4000 	C:\WINDOWS\System32\GDI32.dll
0x00007ff9dfcc0000 - 0x00007ff9dfe42000 	C:\WINDOWS\System32\gdi32full.dll
0x00007ff9d8bd0000 - 0x00007ff9d8e49000 	C:\WINDOWS\WinSxS\amd64_microsoft.windows.common-controls_6595b64144ccf1df_6.0.14393.447_none_42191651c6827bb3\COMCTL32.dll
0x00007ff9e10d0000 - 0x00007ff9e1397000 	C:\WINDOWS\System32\combase.dll
0x00007ff9dfb10000 - 0x00007ff9dfc05000 	C:\WINDOWS\System32\ucrtbase.dll
0x00007ff9dfeb0000 - 0x00007ff9dff1a000 	C:\WINDOWS\System32\bcryptPrimitives.dll
0x00007ff9e0c40000 - 0x00007ff9e0c6e000 	C:\WINDOWS\System32\IMM32.DLL
0x000000006d3e0000 - 0x000000006d4b2000 	D:\Java\jdk1.8\jre\bin\msvcr100.dll
0x000000006cb50000 - 0x000000006d3d9000 	D:\Java\jdk1.8\jre\bin\server\jvm.dll
0x00007ff9dfc80000 - 0x00007ff9dfca3000 	C:\WINDOWS\System32\WINMM.dll
0x00007ff9dfaa0000 - 0x00007ff9dfacb000 	C:\WINDOWS\System32\WINMMBASE.dll
0x00007ff9e0930000 - 0x00007ff9e0972000 	C:\WINDOWS\System32\cfgmgr32.dll
0x00007ff9d3640000 - 0x00007ff9d3649000 	C:\WINDOWS\SYSTEM32\WSOCK32.dll
0x00007ff9e1970000 - 0x00007ff9e1978000 	C:\WINDOWS\System32\PSAPI.DLL
0x00007ff9e32b0000 - 0x00007ff9e331a000 	C:\WINDOWS\System32\WS2_32.dll
0x00007ff9d67b0000 - 0x00007ff9d67ba000 	C:\WINDOWS\SYSTEM32\VERSION.dll
0x000000006e200000 - 0x000000006e20f000 	D:\Java\jdk1.8\jre\bin\verify.dll
0x000000006e1d0000 - 0x000000006e1f9000 	D:\Java\jdk1.8\jre\bin\java.dll
0x000000006e1b0000 - 0x000000006e1c6000 	D:\Java\jdk1.8\jre\bin\zip.dll
0x00007ff9e1b60000 - 0x00007ff9e3069000 	C:\WINDOWS\System32\SHELL32.dll
0x00007ff9e0250000 - 0x00007ff9e092a000 	C:\WINDOWS\System32\windows.storage.dll
0x00007ff9dfc10000 - 0x00007ff9dfc5c000 	C:\WINDOWS\System32\powrprof.dll
0x00007ff9e3380000 - 0x00007ff9e33d2000 	C:\WINDOWS\System32\shlwapi.dll
0x00007ff9dfb00000 - 0x00007ff9dfb0f000 	C:\WINDOWS\System32\kernel.appcore.dll
0x00007ff9dff20000 - 0x00007ff9dffc9000 	C:\WINDOWS\System32\shcore.dll
0x00007ff9dfad0000 - 0x00007ff9dfae4000 	C:\WINDOWS\System32\profapi.dll

VM Arguments:
jvm_args: -Djava.awt.headless=true -Dfile.encoding=GBK -Duser.country=CN -Duser.language=zh -Duser.variant 
java_command: com.android.multidex.ClassReferenceListBuilder E:\Tanke\app\build\intermediates\multi-dex\debug\componentClasses.jar E:\Tanke\app\build\intermediates\transforms\jarMerging\debug\jars\1\1f\combined.jar
java_class_path (initial): C:\Users\Jason\AppData\Local\Android\Sdk\build-tools\24.0.2\lib\dx.jar
Launcher Type: SUN_STANDARD

Environment Variables:
JAVA_HOME=D:\Java\jdk1.8
CLASSPATH=.;D:\Java\jdk1.8\lib\dt.jar;D:\Java\jdk1.8\lib\tools.jar
PATH=D:\Git\bin;D:\Java\jdk1.8\bin;D:\Java\jdk1.8\jre\bin;C:\ProgramData\Oracle\Java\javapath;C:\WINDOWS\system32;C:\WINDOWS;C:\WINDOWS\System32\Wbem;C:\WINDOWS\System32\WindowsPowerShell\v1.0\;C:\Program Files (x86)\AMD\ATI.ACE\Core-Static;D:\Git\cmd;D:\AMD\ATI.ACE\Core-Static;D:\TortoiseGit\bin;C:\Users\Jason\AppData\Local\Android\Sdk\platform-tools;C:\Users\Jason\AppData\Local\Microsoft\WindowsApps;
USERNAME=Jason
OS=Windows_NT
PROCESSOR_IDENTIFIER=Intel64 Family 6 Model 78 Stepping 3, GenuineIntel



---------------  S Y S T E M  ---------------

OS: Windows 10.0 , 64 bit Build 14393 (10.0.14393.0)

CPU:total 4 (2 cores per cpu, 2 threads per core) family 6 model 78 stepping 3, cmov, cx8, fxsr, mmx, sse, sse2, sse3, ssse3, sse4.1, sse4.2, popcnt, avx, avx2, aes, clmul, erms, 3dnowpref, lzcnt, ht, tsc, tscinvbit, bmi1, bmi2, adx

Memory: 4k page, physical 8080836k(464728k free), swap 8080836k(4104k free)

vm_info: Java HotSpot(TM) 64-Bit Server VM (25.60-b23) for windows-amd64 JRE (1.8.0_60-b27), built on Aug  4 2015 11:06:27 by "java_re" with MS VC++ 10.0 (VS2010)

time: Mon Nov 14 22:20:51 2016
elapsed time: 0 seconds (0d 0h 0m 0s)

