JvmtiExport can_access_local_variables 0
JvmtiExport can_hotswap_or_post_breakpoint 0
JvmtiExport can_post_on_exceptions 0
# 474 ciObject found
ciMethod java/lang/Object <init> ()V 4097 1 144327 0 0
ciMethod java/lang/Object hashCode ()I 2049 1 256 0 -1
ciMethod java/lang/Object equals (Ljava/lang/Object;)Z 9 1 1 0 0
ciMethod java/lang/String <init> ([C)V 2049 1 354 0 -1
ciMethod java/lang/String <init> ([CII)V 2441 1 5876 0 672
ciMethod java/lang/String length ()I 4097 1 40327 0 64
ciMethod java/lang/String charAt (I)C 4097 1 175869 0 128
ciMethod java/lang/String equals (Ljava/lang/Object;)Z 2113 8753 1393 0 -1
ciMethod java/lang/String startsWith (Ljava/lang/String;I)Z 2385 2721 5692 0 416
ciMethod java/lang/String startsWith (Ljava/lang/String;)Z 2361 1 7840 0 -1
ciMethod java/lang/String endsWith (Ljava/lang/String;)Z 3481 1 12042 0 0
ciMethod java/lang/String hashCode ()I 3057 32769 1063 0 288
ciMethod java/lang/String lastIndexOf (I)I 2065 1 5766 0 0
ciMethod java/lang/String lastIndexOf (II)I 1393 50705 827 0 320
ciMethod java/lang/String lastIndexOfSupplementary (II)I 0 0 1 0 -1
ciMethod java/lang/String substring (II)Ljava/lang/String; 2129 1 5470 0 960
ciMethod java/lang/String toCharArray ()[C 3137 1 5102 0 0
ciMethod java/lang/System arraycopy (Ljava/lang/Object;ILjava/lang/Object;II)V 7169 1 896 0 -1
ciMethod java/lang/Throwable <init> (Ljava/lang/String;)V 4097 1 7784 0 -1
ciMethod java/lang/Throwable fillInStackTrace ()Ljava/lang/Throwable; 4097 1 7900 0 -1
ciMethod java/lang/Exception <init> (Ljava/lang/String;)V 4097 1 7862 0 -1
ciMethod java/lang/ref/Reference get ()Ljava/lang/Object; 2057 1 257 0 -1
ciMethod java/util/Map put (Ljava/lang/Object;Ljava/lang/Object;)Ljava/lang/Object; 0 0 1 0 -1
ciMethod java/util/Map remove (Ljava/lang/Object;)Ljava/lang/Object; 0 0 1 0 -1
ciMethod java/lang/AbstractStringBuilder <init> (I)V 1297 1 16719 0 -1
ciMethod java/lang/AbstractStringBuilder append (Ljava/lang/String;)Ljava/lang/AbstractStringBuilder; 2049 1 6928 0 -1
ciMethod java/lang/StringBuilder <init> ()V 1025 1 16557 0 0
ciMethod java/lang/StringBuilder append (Ljava/lang/String;)Ljava/lang/StringBuilder; 2065 1 41443 0 928
ciMethod java/lang/StringBuilder toString ()Ljava/lang/String; 1017 1 16556 0 0
ciMethod java/io/InputStream <init> ()V 2057 1 9649 0 0
ciMethod java/io/InputStream read ([B)I 0 0 1 0 -1
ciMethod java/io/InputStream close ()V 0 0 1 0 -1
ciMethod java/nio/Buffer position ()I 1257 1 33 0 -1
ciMethod java/lang/Character isSurrogate (C)Z 57 1 7 0 -1
ciMethod java/lang/Byte toUnsignedInt (B)I 433 1 117 0 -1
ciMethod java/lang/NullPointerException <init> (Ljava/lang/String;)V 0 0 1 0 -1
ciMethod java/util/List iterator ()Ljava/util/Iterator; 0 0 1 0 -1
ciMethod java/lang/ref/ReferenceQueue reallyPoll ()Ljava/lang/ref/Reference; 9 1 1050 0 -1
ciMethod java/lang/ref/ReferenceQueue poll ()Ljava/lang/ref/Reference; 2057 1 1739 0 0
ciMethod java/lang/Math min (II)I 3073 1 21641 0 -1
ciMethod java/nio/charset/Charset newEncoder ()Ljava/nio/charset/CharsetEncoder; 0 0 1 0 -1
ciMethod java/util/ArrayList iterator ()Ljava/util/Iterator; 3145 1 4043 0 0
ciMethod java/util/ArrayList access$100 (Ljava/util/ArrayList;)I 2601 1 325 0 0
ciMethod java/util/Set contains (Ljava/lang/Object;)Z 0 0 1 0 -1
ciMethod java/util/Set add (Ljava/lang/Object;)Z 0 0 1 0 -1
ciMethod java/util/HashMap hash (Ljava/lang/Object;)I 2049 1 33309 0 0
ciMethod java/util/HashMap getNode (ILjava/lang/Object;)Ljava/util/HashMap$Node; 2081 1 5886 0 1120
ciMethod java/util/HashMap containsKey (Ljava/lang/Object;)Z 4097 1 5508 0 0
ciMethod java/util/HashMap put (Ljava/lang/Object;Ljava/lang/Object;)Ljava/lang/Object; 3177 1 5195 0 -1
ciMethod java/util/WeakHashMap maskNull (Ljava/lang/Object;)Ljava/lang/Object; 2057 1 1709 0 0
ciMethod java/util/WeakHashMap eq (Ljava/lang/Object;Ljava/lang/Object;)Z 2609 1 572 0 0
ciMethod java/util/WeakHashMap hash (Ljava/lang/Object;)I 2081 1 1709 0 0
ciMethod java/util/WeakHashMap indexFor (II)I 4097 1 1709 0 0
ciMethod java/util/WeakHashMap expungeStaleEntries ()V 4097 1 1716 0 0
ciMethod java/util/WeakHashMap getTable ()[Ljava/util/WeakHashMap$Entry; 4097 1 1709 0 0
ciMethod java/util/WeakHashMap remove (Ljava/lang/Object;)Ljava/lang/Object; 4097 169 1132 0 0
ciMethod java/util/Arrays copyOf ([BI)[B 2121 1 5382 0 0
ciMethod java/util/Arrays copyOfRange ([CII)[C 2441 1 5731 0 512
ciMethodData java/lang/String charAt (I)C 2 175869 orig 264 216 160 18 109 0 0 0 0 104 61 243 22 0 0 0 0 120 1 0 0 32 0 0 0 0 0 0 0 0 0 0 0 0 0 0 0 0 0 0 0 0 0 0 0 0 0 0 0 0 0 0 0 0 0 0 0 0 0 0 0 0 0 0 0 0 0 0 0 0 0 0 0 0 0 0 0 0 0 0 0 77 68 79 32 101 120 116 114 97 32 100 97 116 97 32 108 111 99 107 0 0 0 0 0 0 0 0 0 0 0 0 0 0 0 0 0 0 0 0 0 0 0 0 0 0 0 0 0 0 0 0 0 0 0 0 0 0 0 0 0 0 0 0 0 0 0 0 0 0 0 0 0 0 0 0 0 0 0 0 0 0 0 0 0 0 0 0 0 0 0 0 0 0 0 0 0 0 0 0 0 0 0 0 0 0 0 0 0 0 0 0 0 0 0 0 0 0 0 0 0 0 0 0 0 0 0 0 0 0 0 0 0 0 0 0 0 0 2 0 0 233 103 21 0 1 0 0 0 0 0 0 0 0 0 0 0 2 0 0 0 0 0 0 0 0 0 0 0 80 0 0 0 255 255 255 255 7 0 1 0 0 0 0 0 data 10 0x10007 0x0 0x40 0x2acfd 0xa0007 0x2acfd 0x30 0x0 0x120002 0x0 oops 0
ciMethodData java/lang/String length ()I 2 40327 orig 264 216 160 18 109 0 0 0 0 24 60 243 22 0 0 0 0 32 1 0 0 0 0 0 0 0 0 0 0 0 0 0 0 0 0 0 0 0 0 0 0 0 0 0 0 0 0 0 0 0 0 0 0 0 0 0 0 0 0 0 0 0 0 0 0 0 0 0 0 0 0 0 0 0 0 0 0 0 0 0 0 77 68 79 32 101 120 116 114 97 32 100 97 116 97 32 108 111 99 107 0 0 0 0 0 0 0 0 0 0 0 0 0 0 0 0 0 0 0 0 0 0 0 0 0 0 0 0 0 0 0 0 0 0 0 0 0 0 0 0 0 0 0 0 0 0 0 0 0 0 0 0 0 0 0 0 0 0 0 0 0 0 0 0 0 0 0 0 0 0 0 0 0 0 0 0 0 0 0 0 0 0 0 0 0 0 0 0 0 0 0 0 0 0 0 0 0 0 0 0 0 0 0 0 0 0 0 0 0 0 0 0 0 0 0 0 0 0 2 0 0 57 220 4 0 1 0 0 0 0 0 0 0 0 0 0 0 2 0 0 0 0 0 0 0 0 0 0 0 0 0 0 0 255 255 255 255 0 0 0 0 0 0 0 0 data 0 oops 0
ciMethodData java/lang/Object <init> ()V 2 144327 orig 264 216 160 18 109 0 0 0 0 128 4 243 22 0 0 0 0 32 1 0 0 0 0 0 0 0 0 0 0 0 0 0 0 0 0 0 0 0 0 0 0 0 0 0 0 0 0 0 0 0 0 0 0 0 0 0 0 0 0 0 0 0 0 0 0 0 0 0 0 0 0 0 0 0 0 0 0 0 0 0 0 77 68 79 32 101 120 116 114 97 32 100 97 116 97 32 108 111 99 107 0 0 0 0 0 0 0 0 0 0 0 0 0 0 0 0 0 0 0 0 0 0 0 0 0 0 0 0 0 0 0 0 0 0 0 0 0 0 0 0 0 0 0 0 0 0 0 0 0 0 0 0 0 0 0 0 0 0 0 0 0 0 0 0 0 0 0 0 0 0 0 0 0 0 0 0 0 0 0 0 0 0 0 0 0 1 0 0 0 0 0 0 0 1 0 0 0 0 0 0 0 1 0 0 0 0 0 0 0 0 0 0 0 0 0 0 0 0 2 0 0 57 142 17 0 1 0 0 0 0 0 0 0 0 0 0 0 2 0 0 0 0 0 3 0 1 0 0 0 0 0 0 0 255 255 255 255 0 0 0 0 0 0 0 0 data 0 oops 0
ciMethod sun/nio/cs/ArrayDecoder decode ([BII[C)I 0 0 1 0 -1
ciMethod java/nio/charset/CharsetDecoder maxCharsPerByte ()F 4097 1 556 0 -1
ciMethod java/nio/charset/CharsetDecoder decode (Ljava/nio/ByteBuffer;Ljava/nio/CharBuffer;Z)Ljava/nio/charset/CoderResult; 57 1 7 0 -1
ciMethod java/nio/charset/CharsetDecoder flush (Ljava/nio/CharBuffer;)Ljava/nio/charset/CoderResult; 0 0 1 0 -1
ciMethod java/nio/charset/CharsetDecoder reset ()Ljava/nio/charset/CharsetDecoder; 3145 1 486 0 -1
ciMethod java/util/Iterator hasNext ()Z 0 0 1 0 -1
ciMethod java/util/Iterator next ()Ljava/lang/Object; 0 0 1 0 -1
ciMethod java/io/FilterInputStream <init> (Ljava/io/InputStream;)V 4097 1 4844 0 0
ciMethod sun/nio/cs/ArrayEncoder encode ([CII[B)I 0 0 1 0 -1
ciMethod java/nio/charset/CharsetEncoder onMalformedInput (Ljava/nio/charset/CodingErrorAction;)Ljava/nio/charset/CharsetEncoder; 57 1 7 0 -1
ciMethod java/nio/charset/CharsetEncoder onUnmappableCharacter (Ljava/nio/charset/CodingErrorAction;)Ljava/nio/charset/CharsetEncoder; 57 1 7 0 -1
ciMethod java/nio/charset/CharsetEncoder maxBytesPerChar ()F 3081 1 4716 0 0
ciMethod java/nio/charset/CharsetEncoder encode (Ljava/nio/CharBuffer;Ljava/nio/ByteBuffer;Z)Ljava/nio/charset/CoderResult; 0 0 1 0 -1
ciMethod java/nio/charset/CharsetEncoder flush (Ljava/nio/ByteBuffer;)Ljava/nio/charset/CoderResult; 0 0 1 0 -1
ciMethod java/nio/charset/CharsetEncoder reset ()Ljava/nio/charset/CharsetEncoder; 3145 1 4710 0 0
ciMethod java/nio/charset/CharsetEncoder implReset ()V 3145 1 4712 0 0
ciMethod java/nio/ByteBuffer wrap ([BII)Ljava/nio/ByteBuffer; 33 1 4 0 -1
ciMethod java/nio/ByteBuffer wrap ([B)Ljava/nio/ByteBuffer; 33 1 4 0 -1
ciMethod java/nio/CharBuffer wrap ([C)Ljava/nio/CharBuffer; 0 0 1 0 -1
ciMethod java/nio/charset/CoderResult isUnderflow ()Z 81 1 10 0 -1
ciMethod java/lang/IllegalArgumentException <init> (Ljava/lang/String;)V 0 0 1 0 -1
ciMethod java/util/HashMap$TreeNode getTreeNode (ILjava/lang/Object;)Ljava/util/HashMap$TreeNode; 0 0 1 0 -1
ciMethod java/util/HashSet contains (Ljava/lang/Object;)Z 4097 1 5495 0 0
ciMethod java/util/HashSet add (Ljava/lang/Object;)Z 3073 1 548 0 0
ciMethodData java/lang/String hashCode ()I 2 21114 orig 264 216 160 18 109 0 0 0 0 176 79 243 22 0 0 0 0 152 1 0 0 32 0 0 0 0 0 0 0 0 0 0 0 0 0 0 0 0 0 0 0 0 0 0 0 0 0 0 0 0 0 0 0 0 0 0 0 0 0 0 0 0 0 0 0 0 0 0 0 0 0 0 0 0 0 0 0 0 0 0 0 77 68 79 32 101 120 116 114 97 32 100 97 116 97 32 108 111 99 107 0 0 0 0 0 0 0 0 0 0 0 0 0 0 0 0 0 0 0 0 0 0 0 0 0 0 0 0 0 0 0 0 0 0 0 0 0 0 0 0 0 0 0 0 0 0 0 0 0 0 0 0 0 0 0 0 0 0 0 0 0 0 0 0 0 0 0 0 0 0 0 0 0 0 0 0 0 0 0 0 0 0 0 0 0 0 0 0 0 0 0 0 0 0 0 0 0 0 0 0 0 0 0 0 0 0 0 0 0 0 0 0 0 0 0 0 0 0 16 0 0 73 21 0 0 209 19 2 0 0 0 0 0 0 0 0 0 2 0 0 0 1 0 11 0 2 0 0 0 120 0 0 0 255 255 255 255 7 0 6 0 0 0 0 0 data 15 0x60007 0x9a 0x78 0x20f 0xe0007 0x1 0x58 0x20e 0x1e0007 0x20e 0x38 0x425f 0x2d0003 0x425f 0xffffffffffffffe0 oops 0
ciMethodData java/lang/String <init> ([CII)V 2 5876 orig 264 216 160 18 109 0 0 0 0 88 49 243 22 0 0 0 0 80 2 0 0 208 0 0 0 0 0 0 0 0 0 0 0 0 0 0 0 0 0 0 0 0 0 0 0 0 0 0 0 0 0 0 0 0 0 0 0 0 0 0 0 0 0 0 0 0 0 0 0 0 0 0 0 0 0 0 0 0 0 0 0 77 68 79 32 101 120 116 114 97 32 100 97 116 97 32 108 111 99 107 0 0 0 0 0 0 0 0 0 0 0 0 0 0 0 0 0 0 0 0 0 0 0 0 0 0 0 0 0 0 0 0 0 0 0 0 0 0 0 0 0 0 0 0 0 0 0 0 0 0 0 0 0 0 0 0 0 0 0 0 0 0 0 0 0 0 0 0 0 0 0 0 0 0 0 0 0 0 0 0 0 0 0 0 0 0 0 0 0 0 0 0 0 0 0 0 0 0 0 0 0 0 0 0 0 0 0 0 0 0 0 0 0 0 0 0 0 49 1 0 0 25 174 0 0 1 0 0 0 0 0 0 0 0 0 0 0 2 0 0 0 0 0 14 0 2 0 0 0 240 0 0 0 255 255 255 255 2 0 1 0 0 0 0 0 data 30 0x10002 0x15c3 0x50007 0x15c3 0x30 0x0 0xd0002 0x0 0x120007 0x15c0 0x70 0x3 0x160007 0x3 0x30 0x0 0x1e0002 0x0 0x250007 0x0 0x20 0x3 0x370007 0x15c0 0x30 0x0 0x410002 0x0 0x4b0002 0x15c0 oops 0
ciMethodData java/util/Arrays copyOfRange ([CII)[C 2 5731 orig 264 216 160 18 109 0 0 0 0 48 70 4 23 0 0 0 0 120 2 0 0 240 0 0 0 0 0 0 0 0 0 0 0 0 0 0 0 0 0 0 0 0 0 0 0 0 0 0 0 0 0 0 0 0 0 0 0 0 0 0 0 0 0 0 0 0 0 0 0 0 0 0 0 0 0 0 0 0 0 0 0 77 68 79 32 101 120 116 114 97 32 100 97 116 97 32 108 111 99 107 0 0 0 0 0 0 0 0 0 0 0 0 0 0 0 0 0 0 0 0 0 0 0 0 0 0 0 0 0 0 0 0 0 0 0 0 0 0 0 0 0 0 0 0 0 0 0 0 0 0 0 0 0 0 0 0 0 0 0 0 0 0 0 0 0 0 0 0 0 0 0 0 0 0 0 0 0 0 0 0 0 0 0 0 0 0 0 0 0 0 0 0 0 0 0 0 0 0 0 0 0 0 0 0 0 0 0 0 0 0 0 0 0 0 0 0 0 49 1 0 0 145 169 0 0 1 0 0 0 0 0 0 0 0 0 0 0 2 0 0 0 0 0 9 0 2 0 0 0 32 1 0 0 255 255 255 255 7 0 5 0 0 0 0 0 data 36 0x50007 0x1532 0x100 0x0 0x100002 0x0 0x140005 0x0 0x0 0x0 0x0 0x0 0x190005 0x0 0x0 0x0 0x0 0x0 0x1d0005 0x0 0x0 0x0 0x0 0x0 0x200005 0x0 0x0 0x0 0x0 0x0 0x230002 0x0 0x360002 0x1532 0x390002 0x1532 oops 0
ciMethod sun/nio/cs/UTF_8$Encoder encode ([CII[B)I 1001 41361 1110 0 -1
ciMethod java/util/zip/ZipFile getEntry (Ljava/lang/String;)Ljava/util/zip/ZipEntry; 289 1 4165 0 0
ciMethod java/util/zip/ZipFile getEntry (J[BZ)J 5121 1 640 0 -1
ciMethod java/util/zip/ZipFile freeEntry (JJ)V 3073 1 384 0 -1
ciMethod java/util/zip/ZipFile getInputStream (Ljava/util/zip/ZipEntry;)Ljava/io/InputStream; 4097 1 545 0 0
ciMethod java/util/zip/ZipFile getInflater ()Ljava/util/zip/Inflater; 4089 1 552 0 0
ciMethod java/util/zip/ZipFile releaseInflater (Ljava/util/zip/Inflater;)V 1481 1 573 0 0
ciMethod java/util/zip/ZipFile getZipEntry (Ljava/lang/String;J)Ljava/util/zip/ZipEntry; 4097 1 1029 0 0
ciMethod java/util/zip/ZipFile ensureOpen ()V 4097 1 5683 0 0
ciMethod java/util/zip/ZipFile getEntryTime (J)J 4097 1 512 0 -1
ciMethod java/util/zip/ZipFile getEntryCrc (J)J 4097 1 512 0 -1
ciMethod java/util/zip/ZipFile getEntryCSize (J)J 3073 1 384 0 -1
ciMethod java/util/zip/ZipFile getEntrySize (J)J 3073 1 384 0 -1
ciMethod java/util/zip/ZipFile getEntryMethod (J)I 3073 1 384 0 -1
ciMethod java/util/zip/ZipFile getEntryFlag (J)I 4097 1 512 0 -1
ciMethod java/util/zip/ZipFile getEntryBytes (JI)[B 2049 1 256 0 -1
ciMethod java/util/zip/ZipFile access$000 (Ljava/util/zip/ZipFile;)Ljava/util/Map; 1217 1 152 0 0
ciMethod java/util/zip/ZipFile access$100 (Ljava/util/zip/ZipFile;Ljava/util/zip/Inflater;)V 1481 1 565 0 0
ciMethod java/util/zip/ZipFile access$1100 (J)J 4097 1 553 0 0
ciMethod java/util/zip/ZipFile access$1200 (J)J 4097 1 553 0 0
ciMethod java/util/Deque add (Ljava/lang/Object;)Z 0 0 1 0 -1
ciMethod java/util/Deque poll ()Ljava/lang/Object; 0 0 1 0 -1
ciMethod java/util/zip/ZipCoder toString ([BI)Ljava/lang/String; 2633 1 485 0 0
ciMethod java/util/zip/ZipCoder getBytes (Ljava/lang/String;)[B 3113 1 4710 0 0
ciMethod java/util/zip/ZipCoder getBytesUTF8 (Ljava/lang/String;)[B 0 0 1 0 0
ciMethod java/util/zip/ZipCoder toStringUTF8 ([BI)Ljava/lang/String; 0 0 1 0 0
ciMethod java/util/zip/ZipCoder isUTF8 ()Z 2337 1 292 0 0
ciMethod java/util/zip/ZipCoder <init> (Ljava/nio/charset/Charset;)V 25 1 3 0 -1
ciMethod java/util/zip/ZipCoder decoder ()Ljava/nio/charset/CharsetDecoder; 3657 1 485 0 -1
ciMethod java/util/zip/ZipCoder encoder ()Ljava/nio/charset/CharsetEncoder; 3113 1 4710 0 0
ciMethod java/util/zip/ZipEntry <init> ()V 4097 1 1033 0 0
ciMethod java/util/zip/ZipEntry setExtra0 ([BZ)V 4089 33 1033 0 0
ciMethod java/util/zip/ZipEntry isDirectory ()Z 825 1 430 0 0
ciMethod java/util/zip/ZipFile$ZipFileInputStream <init> (Ljava/util/zip/ZipFile;J)V 4089 1 552 0 0
ciMethod java/util/zip/Inflater <init> (Z)V 17 1 2 0 -1
ciMethod java/util/zip/Inflater reset ()V 2505 1 573 0 -1
ciMethod java/util/zip/Inflater end ()V 0 0 1 0 0
ciMethod java/util/zip/Inflater ended ()Z 4097 1 1108 0 -1
ciMethod java/util/zip/Inflater end (J)V 9 1 1 0 -1
ciMethod java/util/zip/ZStreamRef address ()J 2097 1 5107 0 -1
ciMethod java/util/zip/ZStreamRef clear ()V 9 1 1 0 -1
ciMethod java/util/zip/ZipFile$ZipFileInflaterInputStream <init> (Ljava/util/zip/ZipFile;Ljava/util/zip/ZipFile$ZipFileInputStream;Ljava/util/zip/Inflater;I)V 4089 1 552 0 0
ciMethod java/util/zip/ZipFile$ZipFileInflaterInputStream close ()V 2049 1 1537 0 0
ciMethod java/util/zip/InflaterInputStream <init> (Ljava/io/InputStream;Ljava/util/zip/Inflater;I)V 4089 1 555 0 0
ciMethod java/util/zip/InflaterInputStream close ()V 1481 1 565 0 0
ciMethod java/io/ByteArrayOutputStream ensureCapacity (I)V 2193 1 475 0 -1
ciMethod java/io/ByteArrayOutputStream grow (I)V 17 1 2 0 -1
ciMethod java/io/ByteArrayOutputStream hugeCapacity (I)I 0 0 1 0 -1
ciMethod java/io/ByteArrayOutputStream write ([BII)V 1849 1 474 0 0
ciMethod java/io/ByteArrayOutputStream reset ()V 633 1 428 0 0
ciMethod java/io/ByteArrayOutputStream toByteArray ()[B 1657 1 442 0 0
ciMethod java/io/FileNotFoundException <init> (Ljava/lang/String;)V 4097 1 7230 0 0
ciMethod java/io/IOException <init> (Ljava/lang/String;)V 4097 1 7492 0 -1
ciMethodData java/lang/String startsWith (Ljava/lang/String;I)Z 2 13340 orig 264 216 160 18 109 0 0 0 0 168 77 243 22 0 0 0 0 176 1 0 0 32 0 0 0 0 0 0 0 0 0 0 0 0 0 0 0 0 0 0 0 0 0 0 0 0 0 0 0 0 0 0 0 0 0 0 0 0 0 0 0 0 0 0 0 0 0 0 0 0 0 0 0 0 0 0 0 0 0 0 0 77 68 79 32 101 120 116 114 97 32 100 97 116 97 32 108 111 99 107 0 0 0 0 0 0 0 0 0 0 0 0 0 0 0 0 0 0 0 0 0 0 0 0 0 0 0 0 0 0 0 0 0 0 0 0 0 0 0 0 0 0 0 0 0 0 0 0 0 0 0 0 0 0 0 0 0 0 0 0 0 0 0 0 0 0 0 0 0 0 0 0 0 0 0 0 0 0 0 0 0 0 0 0 0 0 0 0 0 0 0 0 0 0 0 0 0 0 0 0 0 0 0 0 0 0 0 0 0 0 0 0 0 0 0 0 0 84 1 0 0 145 168 0 0 65 150 1 0 0 0 0 0 0 0 0 0 2 0 0 0 1 0 13 0 2 0 0 0 128 0 0 0 255 255 255 255 7 0 25 0 0 0 0 0 data 16 0x190007 0x0 0x40 0x1512 0x250007 0x142b 0x20 0xe7 0x2f0007 0x26b 0x40 0x32c9 0x410007 0x2109 0xffffffffffffffe0 0x11c0 oops 0
ciMethodData java/util/HashMap hash (Ljava/lang/Object;)I 2 33309 orig 264 216 160 18 109 0 0 0 0 120 189 2 23 0 0 0 0 176 1 0 0 32 0 0 0 0 0 0 0 0 0 0 0 0 0 0 0 0 0 0 0 0 0 0 0 0 0 0 0 0 0 0 0 0 0 0 0 0 0 0 0 0 0 0 0 0 0 0 0 0 0 0 0 0 0 0 0 0 0 0 0 77 68 79 32 101 120 116 114 97 32 100 97 116 97 32 108 111 99 107 0 0 0 0 0 0 0 0 0 0 0 0 0 0 0 0 0 0 0 0 0 0 0 0 0 0 0 0 0 0 0 0 0 0 0 0 0 0 0 0 0 0 0 0 0 0 0 0 0 0 0 0 0 0 0 0 0 0 0 0 0 0 0 0 0 0 0 0 0 0 0 0 0 0 0 0 0 0 0 0 0 0 0 0 0 0 0 0 0 0 0 0 0 0 0 0 0 0 0 0 0 0 0 0 0 0 0 0 0 0 0 0 0 0 0 0 0 0 1 0 0 233 8 4 0 1 0 0 0 0 0 0 0 0 0 0 0 2 0 0 0 0 0 6 0 2 0 0 0 104 0 0 0 255 255 255 255 7 0 1 0 0 0 0 0 data 13 0x10007 0x811d 0x38 0x0 0x50003 0x0 0x48 0x90005 0xe1 0x178d5270 0x6c 0x2e68e40 0x7fd0 oops 2